<?xml version="1.0" encoding="UTF-8"?>
<testng-results ignored="0" total="2" passed="2" failed="0" skipped="0">
  <reporter-output>
  </reporter-output>
  <suite started-at="2024-04-22T17:58:28 IST" name="Default suite" finished-at="2024-04-22T18:00:38 IST" duration-ms="130376">
    <groups>
      <group name="cucumber">
        <method signature="AbstractTestNGCucumberTests.runScenario(io.cucumber.testng.PickleWrapper,io.cucumber.testng.FeatureWrapper)[pri:0, instance:Runnerfile.TestRunner@52f27fbd]" name="runScenario" class="io.cucumber.testng.AbstractTestNGCucumberTests"/>
      </group> <!-- cucumber -->
    </groups>
    <test started-at="2024-04-22T17:58:28 IST" name="Default test" finished-at="2024-04-22T18:00:38 IST" duration-ms="130376">
      <class name="Runnerfile.TestRunner">
        <test-method is-config="true" signature="setUpClass(org.testng.ITestContext)[pri:0, instance:Runnerfile.TestRunner@52f27fbd]" started-at="2024-04-22T17:58:28 IST" name="setUpClass" finished-at="2024-04-22T17:58:30 IST" duration-ms="2417" status="PASS">
          <params>
            <param index="0">
              <value>
                <![CDATA[org.testng.TestRunner@604d28c6]]>
              </value>
            </param>
          </params>
          <reporter-output>
          </reporter-output>
        </test-method> <!-- setUpClass -->
        <test-method signature="runScenario(io.cucumber.testng.PickleWrapper,io.cucumber.testng.FeatureWrapper)[pri:0, instance:Runnerfile.TestRunner@52f27fbd]" started-at="2024-04-22T17:58:30 IST" name="runScenario" description="Runs Cucumber Scenarios" data-provider="scenarios" finished-at="2024-04-22T18:00:02 IST" duration-ms="92424" status="PASS">
          <params>
            <param index="0">
              <value>
                <![CDATA["Title of your scenario"]]>
              </value>
            </param>
            <param index="1">
              <value>
                <![CDATA["This Login pagae"]]>
              </value>
            </param>
          </params>
          <reporter-output>
          </reporter-output>
        </test-method> <!-- runScenario -->
        <test-method signature="runScenario(io.cucumber.testng.PickleWrapper,io.cucumber.testng.FeatureWrapper)[pri:0, instance:Runnerfile.TestRunner@52f27fbd]" started-at="2024-04-22T18:00:03 IST" name="runScenario" description="Runs Cucumber Scenarios" data-provider="scenarios" finished-at="2024-04-22T18:00:36 IST" duration-ms="33961" status="PASS">
          <params>
            <param index="0">
              <value>
                <![CDATA["Title of your scenario"]]>
              </value>
            </param>
            <param index="1">
              <value>
                <![CDATA["This Login pagae"]]>
              </value>
            </param>
          </params>
          <reporter-output>
          </reporter-output>
        </test-method> <!-- runScenario -->
        <test-method is-config="true" signature="tearDownClass()[pri:0, instance:Runnerfile.TestRunner@52f27fbd]" started-at="2024-04-22T18:00:36 IST" name="tearDownClass" finished-at="2024-04-22T18:00:38 IST" duration-ms="1438" status="PASS">
          <reporter-output>
          </reporter-output>
        </test-method> <!-- tearDownClass -->
      </class> <!-- Runnerfile.TestRunner -->
    </test> <!-- Default test -->
  </suite> <!-- Default suite -->
</testng-results>
